<?xml version="1.0" encoding="UTF-8"?>
<!-- Generated by org.testng.reporters.JUnitReportReporter -->
<testsuite hostname="FC-Shivam.Chaurasi" failures="0" tests="5" name="com.fancode.shop.qa.testcase.ShopHomePageTest" time="101.032" errors="0" timestamp="2021-09-16T18:29:01 IST" skipped="0">
  <testcase classname="com.fancode.shop.qa.testcase.ShopHomePageTest" name="clickCarouselBannerTest" time="19.657"/>
  <system-out/>
  <testcase classname="com.fancode.shop.qa.testcase.ShopHomePageTest" name="shopCartOnCloseClickTest" time="21.594"/>
  <system-out/>
  <testcase classname="com.fancode.shop.qa.testcase.ShopHomePageTest" name="hamburgerMenuOnClickTest" time="18.657"/>
  <system-out/>
  <testcase classname="com.fancode.shop.qa.testcase.ShopHomePageTest" name="hamburgerMenuOnCloseClickTest" time="20.412"/>
  <system-out/>
  <testcase classname="com.fancode.shop.qa.testcase.ShopHomePageTest" name="shopCartOnClickTest" time="20.712"/>
  <system-out/>
</testsuite> <!-- com.fancode.shop.qa.testcase.ShopHomePageTest -->
