<?xml version="1.0" encoding="UTF-8"?>
<!-- Generated by org.testng.reporters.JUnitReportReporter -->
<testsuite hostname="FC-Shivam.Chaurasi" failures="0" tests="1" name="com.fancode.shop.qa.testcase.CollectionPageTest" time="20.121" errors="0" timestamp="2021-09-16T18:29:01 IST" skipped="0">
  <testcase classname="com.fancode.shop.qa.testcase.CollectionPageTest" name="collectionProductClickTest" time="20.121"/>
  <system-out/>
</testsuite> <!-- com.fancode.shop.qa.testcase.CollectionPageTest -->
